<?xml version="1.0" encoding="UTF-8"?>
<testsuite name="org.example.CaseInsensitiveMapTest" tests="1" skipped="0" failures="0" errors="0" timestamp="2023-04-06T09:27:43" hostname="PC00077.local" time="0.017">
  <properties/>
  <testcase name="testContainsIgnoreCaseKey()" classname="org.example.CaseInsensitiveMapTest" time="0.017"/>
  <system-out><![CDATA[]]></system-out>
  <system-err><![CDATA[]]></system-err>
</testsuite>
